<?xml version="1.0" encoding="UTF-8"?>
<!-- Generated by org.testng.reporters.JUnitXMLReporter -->
<testsuite ignored="0" hostname="DESKTOP-PAVC6M2" failures="0" tests="3" name="Default test" time="31.683" errors="0" timestamp="2024-12-21T23:25:09 IST">
  <testcase classname="Module4_Product_Test.SwagLabProductTest" name="verifyProductName" time="1.288"/>
  <testcase classname="Module4_Product_Test.SwagLabProductTest" name="verifyProductPrice" time="0.083"/>
  <testcase classname="Module4_Product_Test.SwagLabProductTest" name="verifyProductAddToCart" time="0.122"/>
</testsuite> <!-- Default test -->
