<?xml version="1.0" encoding="UTF-8"?>
<testng-results ignored="0" total="1" passed="1" failed="0" skipped="0">
  <reporter-output>
  </reporter-output>
  <suite started-at="2024-12-18T14:04:45 IST" name="Suite" finished-at="2024-12-18T14:06:49 IST" duration-ms="124537">
    <groups>
    </groups>
    <test started-at="2024-12-18T14:04:45 IST" name="Test" finished-at="2024-12-18T14:06:49 IST" duration-ms="124537">
      <class name="Module1_LoginTest.SwagLabLoginTest">
        <test-method is-config="true" signature="openBrowser()[pri:0, instance:Module1_LoginTest.SwagLabLoginTest@67d48005]" started-at="2024-12-18T14:04:45 IST" name="openBrowser" finished-at="2024-12-18T14:06:23 IST" duration-ms="98270" status="PASS">
          <reporter-output>
          </reporter-output>
        </test-method> <!-- openBrowser -->
        <test-method is-config="true" signature="loginToApp()[pri:0, instance:Module1_LoginTest.SwagLabLoginTest@67d48005]" started-at="2024-12-18T14:06:23 IST" name="loginToApp" finished-at="2024-12-18T14:06:30 IST" duration-ms="7086" status="PASS">
          <reporter-output>
          </reporter-output>
        </test-method> <!-- loginToApp -->
        <test-method signature="verifyLogin()[pri:0, instance:Module1_LoginTest.SwagLabLoginTest@67d48005]" started-at="2024-12-18T14:06:30 IST" name="verifyLogin" finished-at="2024-12-18T14:06:35 IST" duration-ms="4688" status="PASS">
          <reporter-output>
          </reporter-output>
        </test-method> <!-- verifyLogin -->
        <test-method is-config="true" signature="logoutFromApp(org.testng.ITestResult)[pri:0, instance:Module1_LoginTest.SwagLabLoginTest@67d48005]" started-at="2024-12-18T14:06:35 IST" name="logoutFromApp" finished-at="2024-12-18T14:06:39 IST" duration-ms="4312" status="PASS">
          <params>
            <param index="0">
              <value>
                <![CDATA[[TestResult name=verifyLogin status=SUCCESS method=SwagLabLoginTest.verifyLogin()[pri:0, instance:Module1_LoginTest.SwagLabLoginTest@67d48005] output={null}]]]>
              </value>
            </param>
          </params>
          <reporter-output>
          </reporter-output>
        </test-method> <!-- logoutFromApp -->
        <test-method is-config="true" signature="closeBrowser()[pri:0, instance:Module1_LoginTest.SwagLabLoginTest@67d48005]" started-at="2024-12-18T14:06:39 IST" name="closeBrowser" finished-at="2024-12-18T14:06:49 IST" duration-ms="9850" status="PASS">
          <reporter-output>
          </reporter-output>
        </test-method> <!-- closeBrowser -->
      </class> <!-- Module1_LoginTest.SwagLabLoginTest -->
    </test> <!-- Test -->
  </suite> <!-- Suite -->
</testng-results>
