<?xml version="1.0" encoding="UTF-8"?>
<testng-results ignored="0" total="3" passed="3" failed="0" skipped="0">
  <reporter-output>
  </reporter-output>
  <suite started-at="2024-12-21T23:24:38 IST" name="Default suite" finished-at="2024-12-21T23:25:09 IST" duration-ms="31683">
    <groups>
    </groups>
    <test started-at="2024-12-21T23:24:38 IST" name="Default test" finished-at="2024-12-21T23:25:09 IST" duration-ms="31683">
      <class name="Module4_Product_Test.SwagLabProductTest">
        <test-method is-config="true" signature="openBrowser()[pri:0, instance:Module4_Product_Test.SwagLabProductTest@5b12b668]" started-at="2024-12-21T23:24:38 IST" name="openBrowser" finished-at="2024-12-21T23:24:47 IST" duration-ms="9705" status="PASS">
          <reporter-output>
          </reporter-output>
        </test-method> <!-- openBrowser -->
        <test-method is-config="true" signature="loginToApp()[pri:0, instance:Module4_Product_Test.SwagLabProductTest@5b12b668]" started-at="2024-12-21T23:24:47 IST" name="loginToApp" finished-at="2024-12-21T23:24:50 IST" duration-ms="2543" status="PASS">
          <reporter-output>
          </reporter-output>
        </test-method> <!-- loginToApp -->
        <test-method signature="verifyProductName()[pri:1, instance:Module4_Product_Test.SwagLabProductTest@5b12b668]" started-at="2024-12-21T23:24:50 IST" name="verifyProductName" finished-at="2024-12-21T23:24:51 IST" duration-ms="1288" status="PASS">
          <reporter-output>
          </reporter-output>
        </test-method> <!-- verifyProductName -->
        <test-method is-config="true" signature="logoutFromApp(org.testng.ITestResult)[pri:0, instance:Module4_Product_Test.SwagLabProductTest@5b12b668]" started-at="2024-12-21T23:24:51 IST" name="logoutFromApp" finished-at="2024-12-21T23:24:55 IST" duration-ms="4277" status="PASS">
          <params>
            <param index="0">
              <value>
                <![CDATA[[TestResult name=verifyProductName status=SUCCESS method=SwagLabProductTest.verifyProductName()[pri:1, instance:Module4_Product_Test.SwagLabProductTest@5b12b668] output={null}]]]>
              </value>
            </param>
          </params>
          <reporter-output>
          </reporter-output>
        </test-method> <!-- logoutFromApp -->
        <test-method is-config="true" signature="loginToApp()[pri:0, instance:Module4_Product_Test.SwagLabProductTest@5b12b668]" started-at="2024-12-21T23:24:56 IST" name="loginToApp" finished-at="2024-12-21T23:24:58 IST" duration-ms="2376" status="PASS">
          <reporter-output>
          </reporter-output>
        </test-method> <!-- loginToApp -->
        <test-method signature="verifyProductPrice()[pri:2, instance:Module4_Product_Test.SwagLabProductTest@5b12b668]" started-at="2024-12-21T23:24:58 IST" name="verifyProductPrice" finished-at="2024-12-21T23:24:58 IST" duration-ms="83" status="PASS">
          <reporter-output>
          </reporter-output>
        </test-method> <!-- verifyProductPrice -->
        <test-method is-config="true" signature="logoutFromApp(org.testng.ITestResult)[pri:0, instance:Module4_Product_Test.SwagLabProductTest@5b12b668]" started-at="2024-12-21T23:24:58 IST" name="logoutFromApp" finished-at="2024-12-21T23:25:02 IST" duration-ms="4197" status="PASS">
          <params>
            <param index="0">
              <value>
                <![CDATA[[TestResult name=verifyProductPrice status=SUCCESS method=SwagLabProductTest.verifyProductPrice()[pri:2, instance:Module4_Product_Test.SwagLabProductTest@5b12b668] output={null}]]]>
              </value>
            </param>
          </params>
          <reporter-output>
          </reporter-output>
        </test-method> <!-- logoutFromApp -->
        <test-method is-config="true" signature="loginToApp()[pri:0, instance:Module4_Product_Test.SwagLabProductTest@5b12b668]" started-at="2024-12-21T23:25:02 IST" name="loginToApp" finished-at="2024-12-21T23:25:05 IST" duration-ms="2447" status="PASS">
          <reporter-output>
          </reporter-output>
        </test-method> <!-- loginToApp -->
        <test-method signature="verifyProductAddToCart()[pri:3, instance:Module4_Product_Test.SwagLabProductTest@5b12b668]" started-at="2024-12-21T23:25:05 IST" name="verifyProductAddToCart" finished-at="2024-12-21T23:25:05 IST" duration-ms="122" status="PASS">
          <reporter-output>
          </reporter-output>
        </test-method> <!-- verifyProductAddToCart -->
        <test-method is-config="true" signature="logoutFromApp(org.testng.ITestResult)[pri:0, instance:Module4_Product_Test.SwagLabProductTest@5b12b668]" started-at="2024-12-21T23:25:05 IST" name="logoutFromApp" finished-at="2024-12-21T23:25:09 IST" duration-ms="4197" status="PASS">
          <params>
            <param index="0">
              <value>
                <![CDATA[[TestResult name=verifyProductAddToCart status=SUCCESS method=SwagLabProductTest.verifyProductAddToCart()[pri:3, instance:Module4_Product_Test.SwagLabProductTest@5b12b668] output={null}]]]>
              </value>
            </param>
          </params>
          <reporter-output>
          </reporter-output>
        </test-method> <!-- logoutFromApp -->
        <test-method is-config="true" signature="closeBrowser()[pri:0, instance:Module4_Product_Test.SwagLabProductTest@5b12b668]" started-at="2024-12-21T23:25:09 IST" name="closeBrowser" finished-at="2024-12-21T23:25:09 IST" duration-ms="373" status="PASS">
          <reporter-output>
          </reporter-output>
        </test-method> <!-- closeBrowser -->
      </class> <!-- Module4_Product_Test.SwagLabProductTest -->
    </test> <!-- Default test -->
  </suite> <!-- Default suite -->
</testng-results>
